[debug] [2025-06-26T05:10:21.331Z] ----------------------------------------------------------------------
[debug] [2025-06-26T05:10:21.332Z] Command:       /home/linuxbrew/.linuxbrew/Cellar/node/24.2.0/bin/node /home/linuxbrew/.linuxbrew/bin/firebase init functions
[debug] [2025-06-26T05:10:21.333Z] CLI Version:   14.8.0
[debug] [2025-06-26T05:10:21.333Z] Platform:      linux
[debug] [2025-06-26T05:10:21.333Z] Node Version:  v24.2.0
[debug] [2025-06-26T05:10:21.333Z] Time:          Thu Jun 26 2025 10:40:21 GMT+0530 (India Standard Time)
[debug] [2025-06-26T05:10:21.333Z] ----------------------------------------------------------------------
[debug] 
[debug] [2025-06-26T05:10:21.336Z] > command requires scopes: ["email","openid","https://www.googleapis.com/auth/cloudplatformprojects.readonly","https://www.googleapis.com/auth/firebase","https://www.googleapis.com/auth/cloud-platform"]
[debug] [2025-06-26T05:10:21.336Z] > authorizing via signed-in user (kartikbudarap@gmail.com)
[info] 
     ######## #### ########  ######## ########     ###     ######  ########
     ##        ##  ##     ## ##       ##     ##  ##   ##  ##       ##
     ######    ##  ########  ######   ########  #########  ######  ######
     ##        ##  ##    ##  ##       ##     ## ##     ##       ## ##
     ##       #### ##     ## ######## ########  ##     ##  ######  ########

You're about to initialize a Firebase project in this directory:

  /home/kartik/Documents/CDAC

[info] 
=== Project Setup
[info] 
[info] First, let's associate this project directory with a Firebase project.
[info] You can create multiple project aliases by running firebase use --add, 
[info] but for now we'll just set up a default project.
[info] 
[info] i  If you want to create a project in a Google Cloud organization or folder, please use "firebase projects:create" instead, and return to this command when you've created the project. 
[debug] [2025-06-26T05:10:48.657Z] ExitPromptError: User force closed the prompt with SIGINT
    at Interface.sigint (/home/linuxbrew/.linuxbrew/lib/node_modules/firebase-tools/node_modules/@inquirer/core/dist/commonjs/lib/create-prompt.js:101:37)
    at Interface.emit (node:events:507:28)
    at Interface.emit (node:domain:489:12)
    at [_ttyWrite] [as _ttyWrite] (node:internal/readline/interface:1315:18)
    at ReadStream.onkeypress (node:internal/readline/interface:284:20)
    at ReadStream.emit (node:events:519:35)
    at ReadStream.emit (node:domain:489:12)
    at emitKeys (node:internal/readline/utils:371:14)
    at emitKeys.next (<anonymous>)
    at ReadStream.onData (node:internal/readline/emitKeypressEvents:64:36)
[error] 
[error] Error: An unexpected error has occurred.
[debug] [2025-06-26T05:10:49.813Z] ----------------------------------------------------------------------
[debug] [2025-06-26T05:10:49.815Z] Command:       /home/linuxbrew/.linuxbrew/Cellar/node/24.2.0/bin/node /home/linuxbrew/.linuxbrew/bin/firebase deploy --only functions
[debug] [2025-06-26T05:10:49.815Z] CLI Version:   14.8.0
[debug] [2025-06-26T05:10:49.815Z] Platform:      linux
[debug] [2025-06-26T05:10:49.815Z] Node Version:  v24.2.0
[debug] [2025-06-26T05:10:49.816Z] Time:          Thu Jun 26 2025 10:40:49 GMT+0530 (India Standard Time)
[debug] [2025-06-26T05:10:49.816Z] ----------------------------------------------------------------------
[debug] 
[error] 
[error] Error: Not in a Firebase app directory (could not locate firebase.json)
